TN:
SF:src/__tests__/fixtures/mockData.ts
FNF:0
FNH:0
DA:2,5
DA:4,5
DA:22,5
DA:35,5
DA:48,5
DA:79,5
DA:87,5
DA:95,5
LF:8
LH:8
BRF:0
BRH:0
end_of_record
TN:
SF:src/constants/evolutionConstants.ts
FNF:0
FNH:0
DA:1,6
DA:10,6
DA:17,6
DA:25,6
LF:4
LH:4
BRF:0
BRH:0
end_of_record
TN:
SF:src/constants/messagesConstants.ts
FNF:0
FNH:0
DA:1,3
DA:2,3
DA:3,3
LF:3
LH:3
BRF:0
BRH:0
end_of_record
TN:
SF:src/constants/routesConstants.ts
FNF:0
FNH:0
DA:1,1
LF:1
LH:1
BRF:0
BRH:0
end_of_record
TN:
SF:src/database/prisma.ts
FNF:0
FNH:0
DA:1,0
DA:3,0
DA:5,0
LF:3
LH:0
BRF:0
BRH:0
end_of_record
TN:
SF:src/logic/botLogic.ts
FN:6,(anonymous_0)
FNF:1
FNH:1
FNDA:3,(anonymous_0)
DA:2,1
DA:4,1
DA:6,1
DA:9,3
DA:11,3
DA:12,2
DA:13,2
LF:7
LH:7
BRDA:11,0,0,2
BRDA:11,0,1,1
BRF:2
BRH:2
end_of_record
TN:
SF:src/logic/handlers.ts
FNF:0
FNH:0
DA:1,1
DA:2,1
DA:12,1
LF:3
LH:3
BRF:0
BRH:0
end_of_record
TN:
SF:src/logic/helpers.ts
FN:8,(anonymous_0)
FN:12,(anonymous_1)
FN:16,(anonymous_2)
FN:20,(anonymous_3)
FN:24,(anonymous_4)
FN:30,(anonymous_5)
FN:42,(anonymous_6)
FN:47,(anonymous_7)
FN:48,(anonymous_8)
FNF:9
FNH:9
FNDA:2,(anonymous_0)
FNDA:2,(anonymous_1)
FNDA:6,(anonymous_2)
FNDA:6,(anonymous_3)
FNDA:3,(anonymous_4)
FNDA:3,(anonymous_5)
FNDA:2,(anonymous_6)
FNDA:2,(anonymous_7)
FNDA:2,(anonymous_8)
DA:1,3
DA:8,3
DA:9,2
DA:12,3
DA:13,2
DA:16,3
DA:17,6
DA:20,3
DA:21,6
DA:24,3
DA:25,3
DA:30,3
DA:32,3
DA:37,3
DA:42,3
DA:43,2
DA:44,2
DA:47,3
DA:48,2
LF:19
LH:19
BRDA:32,0,0,1
BRDA:32,0,1,2
BRF:2
BRH:2
end_of_record
TN:
SF:src/logic/mappers.ts
FN:10,(anonymous_0)
FN:27,(anonymous_1)
FN:44,(anonymous_2)
FN:45,(anonymous_3)
FN:46,(anonymous_4)
FN:54,(anonymous_5)
FN:62,(anonymous_6)
FN:63,(anonymous_7)
FN:64,(anonymous_8)
FN:72,(anonymous_9)
FN:73,(anonymous_10)
FN:74,(anonymous_11)
FN:75,(anonymous_12)
FN:83,(anonymous_13)
FN:84,(anonymous_14)
FN:85,(anonymous_15)
FN:86,(anonymous_16)
FN:87,(anonymous_17)
FNF:18
FNH:18
FNDA:2,(anonymous_0)
FNDA:3,(anonymous_1)
FNDA:3,(anonymous_2)
FNDA:2,(anonymous_3)
FNDA:1,(anonymous_4)
FNDA:1,(anonymous_5)
FNDA:1,(anonymous_6)
FNDA:1,(anonymous_7)
FNDA:1,(anonymous_8)
FNDA:1,(anonymous_9)
FNDA:1,(anonymous_10)
FNDA:1,(anonymous_11)
FNDA:1,(anonymous_12)
FNDA:1,(anonymous_13)
FNDA:1,(anonymous_14)
FNDA:1,(anonymous_15)
FNDA:1,(anonymous_16)
FNDA:1,(anonymous_17)
DA:1,2
DA:3,2
DA:10,2
DA:17,2
DA:18,4
DA:19,1
DA:23,1
DA:27,2
DA:34,3
DA:35,5
DA:36,1
DA:40,2
DA:43,2
DA:44,3
DA:45,2
DA:46,1
DA:53,2
DA:54,1
DA:61,2
DA:62,1
DA:63,1
DA:64,1
DA:71,2
DA:72,1
DA:73,1
DA:74,1
DA:75,1
DA:82,2
DA:83,1
DA:84,1
DA:85,1
DA:86,1
DA:87,1
LF:33
LH:33
BRDA:18,0,0,1
BRDA:18,0,1,3
BRDA:18,1,0,4
BRDA:18,1,1,3
BRDA:35,2,0,1
BRDA:35,2,1,4
BRDA:35,3,0,5
BRDA:35,3,1,3
BRF:8
BRH:8
end_of_record
TN:
SF:src/logic/services/blacklistService.ts
FN:10,(anonymous_0)
FN:24,(anonymous_1)
FN:38,(anonymous_2)
FNF:3
FNH:0
FNDA:0,(anonymous_0)
FNDA:0,(anonymous_1)
FNDA:0,(anonymous_2)
DA:1,0
DA:6,0
DA:7,0
DA:9,0
DA:11,0
DA:12,0
DA:13,0
DA:15,0
DA:16,0
DA:17,0
DA:18,0
DA:21,0
DA:25,0
DA:26,0
DA:27,0
DA:29,0
DA:30,0
DA:31,0
DA:32,0
DA:35,0
DA:39,0
DA:42,0
LF:22
LH:0
BRDA:15,0,0,0
BRDA:15,0,1,0
BRDA:15,1,0,0
BRDA:15,1,1,0
BRDA:16,2,0,0
BRDA:16,2,1,0
BRDA:29,3,0,0
BRDA:29,3,1,0
BRDA:29,4,0,0
BRDA:29,4,1,0
BRDA:30,5,0,0
BRDA:30,5,1,0
BRDA:39,6,0,0
BRDA:39,6,1,0
BRF:14
BRH:0
end_of_record
TN:
SF:src/logic/services/index.ts
FN:1,(anonymous_0)
FN:2,(anonymous_1)
FN:3,(anonymous_2)
FN:4,(anonymous_3)
FN:5,(anonymous_4)
FN:6,(anonymous_5)
FN:7,(anonymous_6)
FNF:7
FNH:0
FNDA:0,(anonymous_0)
FNDA:0,(anonymous_1)
FNDA:0,(anonymous_2)
FNDA:0,(anonymous_3)
FNDA:0,(anonymous_4)
FNDA:0,(anonymous_5)
FNDA:0,(anonymous_6)
DA:1,0
DA:2,0
DA:3,0
DA:4,0
DA:5,0
DA:6,0
DA:7,0
LF:7
LH:0
BRF:0
BRH:0
end_of_record
TN:
SF:src/logic/services/messageService.ts
FN:12,(anonymous_0)
FNF:1
FNH:0
FNDA:0,(anonymous_0)
DA:1,0
DA:6,0
DA:8,0
DA:9,0
DA:11,0
DA:14,0
DA:16,0
DA:17,0
DA:21,0
DA:28,0
DA:34,0
DA:42,0
LF:12
LH:0
BRDA:16,0,0,0
BRDA:16,0,1,0
BRDA:23,1,0,0
BRDA:23,1,1,0
BRF:4
BRH:0
end_of_record
TN:
SF:src/logic/services/webhookEventService.ts
FN:6,(anonymous_0)
FNF:1
FNH:1
FNDA:3,(anonymous_0)
DA:1,1
DA:2,1
DA:5,1
DA:7,3
LF:4
LH:4
BRF:0
BRH:0
end_of_record
TN:
SF:src/logic/services/whitelistService.ts
FN:10,(anonymous_0)
FN:24,(anonymous_1)
FN:38,(anonymous_2)
FNF:3
FNH:0
FNDA:0,(anonymous_0)
FNDA:0,(anonymous_1)
FNDA:0,(anonymous_2)
DA:1,0
DA:6,0
DA:7,0
DA:9,0
DA:11,0
DA:12,0
DA:13,0
DA:15,0
DA:16,0
DA:17,0
DA:18,0
DA:21,0
DA:25,0
DA:26,0
DA:27,0
DA:29,0
DA:30,0
DA:31,0
DA:32,0
DA:35,0
DA:39,0
DA:42,0
LF:22
LH:0
BRDA:15,0,0,0
BRDA:15,0,1,0
BRDA:15,1,0,0
BRDA:15,1,1,0
BRDA:16,2,0,0
BRDA:16,2,1,0
BRDA:29,3,0,0
BRDA:29,3,1,0
BRDA:29,4,0,0
BRDA:29,4,1,0
BRDA:30,5,0,0
BRDA:30,5,1,0
BRDA:39,6,0,0
BRDA:39,6,1,0
BRF:14
BRH:0
end_of_record
TN:
SF:src/routes/blacklistController.ts
FN:8,(anonymous_0)
FN:13,(anonymous_1)
FN:18,(anonymous_2)
FNF:3
FNH:0
FNDA:0,(anonymous_0)
FNDA:0,(anonymous_1)
FNDA:0,(anonymous_2)
DA:1,0
DA:2,0
DA:3,0
DA:7,0
DA:9,0
DA:10,0
DA:11,0
DA:14,0
DA:15,0
DA:16,0
DA:19,0
DA:20,0
DA:21,0
LF:13
LH:0
BRF:0
BRH:0
end_of_record
TN:
SF:src/routes/index.ts
FN:1,(anonymous_0)
FN:2,(anonymous_1)
FN:3,(anonymous_2)
FN:4,(anonymous_3)
FN:5,(anonymous_4)
FNF:5
FNH:0
FNDA:0,(anonymous_0)
FNDA:0,(anonymous_1)
FNDA:0,(anonymous_2)
FNDA:0,(anonymous_3)
FNDA:0,(anonymous_4)
DA:1,0
DA:2,0
DA:3,0
DA:4,0
DA:5,0
LF:5
LH:0
BRF:0
BRH:0
end_of_record
TN:
SF:src/routes/removalQueueController.ts
FN:9,(anonymous_0)
FN:14,(anonymous_1)
FN:25,(anonymous_2)
FN:43,(anonymous_3)
FNF:4
FNH:0
FNDA:0,(anonymous_0)
FNDA:0,(anonymous_1)
FNDA:0,(anonymous_2)
FNDA:0,(anonymous_3)
DA:1,0
DA:2,0
DA:3,0
DA:4,0
DA:5,0
DA:8,0
DA:10,0
DA:11,0
DA:12,0
DA:15,0
DA:17,0
DA:18,0
DA:22,0
DA:23,0
DA:26,0
DA:28,0
DA:29,0
DA:32,0
DA:40,0
DA:41,0
DA:44,0
DA:47,0
DA:48,0
DA:51,0
DA:58,0
DA:60,0
LF:26
LH:0
BRDA:15,0,0,0
BRDA:15,0,1,0
BRDA:17,1,0,0
BRDA:17,1,1,0
BRDA:26,2,0,0
BRDA:26,3,0,0
BRDA:26,4,0,0
BRDA:26,4,1,0
BRDA:28,5,0,0
BRDA:28,5,1,0
BRDA:28,6,0,0
BRDA:28,6,1,0
BRDA:28,6,2,0
BRDA:28,6,3,0
BRDA:44,7,0,0
BRDA:44,7,1,0
BRDA:47,8,0,0
BRDA:47,8,1,0
BRDA:47,9,0,0
BRDA:47,9,1,0
BRDA:47,9,2,0
BRDA:47,9,3,0
BRF:22
BRH:0
end_of_record
TN:
SF:src/routes/routes.ts
FNF:0
FNH:0
DA:1,0
DA:2,0
DA:3,0
DA:11,0
DA:14,0
DA:15,0
DA:18,0
DA:19,0
DA:20,0
DA:23,0
DA:24,0
DA:25,0
DA:28,0
DA:29,0
DA:33,0
DA:37,0
DA:43,0
DA:44,0
DA:46,0
LF:19
LH:0
BRF:0
BRH:0
end_of_record
TN:
SF:src/routes/webhookController.ts
FN:11,(anonymous_0)
FNF:1
FNH:0
FNDA:0,(anonymous_0)
DA:2,0
DA:3,0
DA:4,0
DA:5,0
DA:10,0
DA:16,0
DA:17,0
DA:19,0
DA:21,0
DA:22,0
DA:24,0
DA:26,0
LF:12
LH:0
BRDA:21,0,0,0
BRDA:21,0,1,0
BRF:2
BRH:0
end_of_record
TN:
SF:src/routes/whitelistController.ts
FN:8,(anonymous_0)
FN:13,(anonymous_1)
FN:18,(anonymous_2)
FNF:3
FNH:0
FNDA:0,(anonymous_0)
FNDA:0,(anonymous_1)
FNDA:0,(anonymous_2)
DA:1,0
DA:2,0
DA:3,0
DA:7,0
DA:9,0
DA:10,0
DA:11,0
DA:14,0
DA:15,0
DA:16,0
DA:19,0
DA:20,0
DA:21,0
DA:22,0
LF:14
LH:0
BRF:0
BRH:0
end_of_record
TN:
SF:src/services/evolutionAPI.ts
FNF:0
FNH:0
DA:1,0
DA:2,0
DA:10,0
DA:16,0
LF:4
LH:0
BRF:0
BRH:0
end_of_record
TN:
SF:src/services/groupService.ts
FN:7,(anonymous_1)
FN:13,(anonymous_2)
FN:36,(anonymous_3)
FNF:3
FNH:0
FNDA:0,(anonymous_1)
FNDA:0,(anonymous_2)
FNDA:0,(anonymous_3)
DA:1,0
DA:2,0
DA:3,0
DA:7,0
DA:12,0
DA:17,0
DA:22,0
DA:23,0
DA:33,0
DA:37,0
DA:38,0
DA:47,0
DA:49,0
DA:50,0
LF:14
LH:0
BRF:0
BRH:0
end_of_record
TN:
SF:src/services/index.ts
FNF:0
FNH:0
DA:1,0
DA:2,0
LF:2
LH:0
BRF:0
BRH:0
end_of_record
TN:
SF:src/services/messageService.ts
FN:6,(anonymous_1)
FN:12,(anonymous_2)
FNF:2
FNH:2
FNDA:5,(anonymous_1)
FNDA:5,(anonymous_2)
DA:1,1
DA:2,1
DA:6,1
DA:11,5
DA:13,5
DA:18,5
DA:19,5
DA:25,1
LF:8
LH:8
BRF:0
BRH:0
end_of_record
TN:
SF:src/utils/AppError.ts
FN:7,(anonymous_0)
FN:21,(anonymous_1)
FN:25,(anonymous_2)
FNF:3
FNH:3
FNDA:13,(anonymous_0)
FNDA:1,(anonymous_1)
FNDA:8,(anonymous_2)
DA:2,5
DA:8,13
DA:10,13
DA:11,13
DA:12,13
DA:15,13
DA:18,13
DA:22,1
DA:26,8
LF:9
LH:9
BRDA:11,0,0,12
BRDA:11,0,1,1
BRF:2
BRH:2
end_of_record
TN:
SF:src/utils/catchAsync.ts
FN:5,(anonymous_0)
FN:6,(anonymous_1)
FNF:2
FNH:2
FNDA:3,(anonymous_0)
FNDA:3,(anonymous_1)
DA:4,1
DA:5,1
DA:6,3
DA:7,3
LF:4
LH:4
BRF:0
BRH:0
end_of_record
TN:
SF:src/utils/errorHandler.ts
FN:9,handleAxiosError
FN:21,errorHandler
FNF:2
FNH:2
FNDA:5,handleAxiosError
FNDA:3,errorHandler
DA:6,2
DA:7,2
DA:9,2
DA:10,5
DA:11,3
DA:12,3
DA:16,2
DA:17,2
DA:21,2
DA:27,3
LF:10
LH:10
BRDA:10,0,0,3
BRDA:10,0,1,2
BRDA:28,1,0,1
BRDA:28,1,1,2
BRF:4
BRH:4
end_of_record
TN:
SF:src/utils/resSuccess.ts
FN:4,(anonymous_0)
FNF:1
FNH:1
FNDA:3,(anonymous_0)
DA:4,1
DA:5,3
LF:2
LH:2
BRF:0
BRH:0
end_of_record
